<?xml version="1.0" encoding="UTF-8"?>
<!-- Generated by org.testng.reporters.JUnitXMLReporter -->
<testsuite ignored="0" hostname="DESKTOP-5TJGKGU" failures="0" tests="4" name="MyTest" time="4.112" errors="0" timestamp="2023-08-14T16:53:10 EDT">
  <testcase classname="test.UserTests" name="TestPostUser" time="2.261"/>
  <testcase classname="test.UserTests" name="TestGetUserByName" time="0.294"/>
  <testcase classname="test.UserTests" name="TestUpdateUserName" time="0.524"/>
  <testcase classname="test.UserTests" name="TestDeleteUserByName" time="0.225"/>
</testsuite> <!-- MyTest -->
