<?xml version="1.0" encoding="UTF-8"?>
<!-- Generated by org.testng.reporters.JUnitXMLReporter -->
<testsuite ignored="0" hostname="DESKTOP-5TJGKGU" failures="0" tests="4" name="MyTest" time="4.417" errors="0" timestamp="2023-08-12T13:51:59 EDT">
  <testcase classname="test.UserTests" name="TestPostUser" time="2.463"/>
  <testcase classname="test.UserTests" name="TestGetUserByName" time="0.299"/>
  <testcase classname="test.UserTests" name="TestUpdateUserName" time="0.575"/>
  <testcase classname="test.UserTests" name="TestDeleteUserByName" time="0.25"/>
</testsuite> <!-- MyTest -->
