<?xml version="1.0" encoding="UTF-8"?>
<testng-results ignored="0" total="4" passed="4" failed="0" skipped="0">
  <reporter-output>
  </reporter-output>
  <suite started-at="2023-08-12T13:51:55 EDT" name="MyTestSuite" finished-at="2023-08-12T13:51:59 EDT" duration-ms="4417">
    <groups>
    </groups>
    <test started-at="2023-08-12T13:51:55 EDT" name="MyTest" finished-at="2023-08-12T13:51:59 EDT" duration-ms="4417">
      <class name="test.UserTests">
        <test-method is-config="true" signature="SetupData()[pri:0, instance:test.UserTests@57af006c]" started-at="2023-08-12T13:51:55 EDT" name="SetupData" finished-at="2023-08-12T13:51:56 EDT" duration-ms="783" status="PASS">
          <reporter-output>
          </reporter-output>
        </test-method> <!-- SetupData -->
        <test-method signature="TestPostUser()[pri:1, instance:test.UserTests@57af006c]" started-at="2023-08-12T13:51:56 EDT" name="TestPostUser" finished-at="2023-08-12T13:51:58 EDT" duration-ms="2463" status="PASS">
          <reporter-output>
          </reporter-output>
        </test-method> <!-- TestPostUser -->
        <test-method signature="TestGetUserByName()[pri:2, instance:test.UserTests@57af006c]" started-at="2023-08-12T13:51:58 EDT" name="TestGetUserByName" finished-at="2023-08-12T13:51:58 EDT" duration-ms="299" status="PASS">
          <reporter-output>
          </reporter-output>
        </test-method> <!-- TestGetUserByName -->
        <test-method signature="TestUpdateUserName()[pri:3, instance:test.UserTests@57af006c]" started-at="2023-08-12T13:51:58 EDT" name="TestUpdateUserName" finished-at="2023-08-12T13:51:59 EDT" duration-ms="575" status="PASS">
          <reporter-output>
          </reporter-output>
        </test-method> <!-- TestUpdateUserName -->
        <test-method signature="TestDeleteUserByName()[pri:4, instance:test.UserTests@57af006c]" started-at="2023-08-12T13:51:59 EDT" name="TestDeleteUserByName" finished-at="2023-08-12T13:51:59 EDT" duration-ms="250" status="PASS">
          <reporter-output>
          </reporter-output>
        </test-method> <!-- TestDeleteUserByName -->
      </class> <!-- test.UserTests -->
    </test> <!-- MyTest -->
  </suite> <!-- MyTestSuite -->
</testng-results>
